[debug] [2023-05-15T13:14:24.550Z] ----------------------------------------------------------------------
[debug] [2023-05-15T13:14:24.555Z] Command:       C:\Program Files\nodejs\node.exe C:\Users\user\AppData\Roaming\npm\node_modules\firebase-tools\lib\bin\firebase.js init
[debug] [2023-05-15T13:14:24.556Z] CLI Version:   12.0.0
[debug] [2023-05-15T13:14:24.557Z] Platform:      win32
[debug] [2023-05-15T13:14:24.557Z] Node Version:  v16.13.1
[debug] [2023-05-15T13:14:24.559Z] Time:          Mon May 15 2023 18:14:24 GMT+0500 (Узбекистан, стандартное время)
[debug] [2023-05-15T13:14:24.559Z] ----------------------------------------------------------------------
[debug] 
[debug] [2023-05-15T13:14:24.672Z] > command requires scopes: ["email","openid","https://www.googleapis.com/auth/cloudplatformprojects.readonly","https://www.googleapis.com/auth/firebase","https://www.googleapis.com/auth/cloud-platform"]
[debug] [2023-05-15T13:14:24.673Z] > authorizing via signed-in user (asadbek.a@nightwell-logistics.com)
[info] 
     ######## #### ########  ######## ########     ###     ######  ########
     ##        ##  ##     ## ##       ##     ##  ##   ##  ##       ##
     ######    ##  ########  ######   ########  #########  ######  ######
     ##        ##  ##    ##  ##       ##     ## ##     ##       ## ##
     ##       #### ##     ## ######## ########  ##     ##  ######  ########

You're about to initialize a Firebase project in this directory:

  D:\My Projects\firebase-app

Before we get started, keep in mind:

  * You are initializing within an existing Firebase project directory

[info] 
=== Project Setup
[info] 
[info] First, let's associate this project directory with a Firebase project.
[info] You can create multiple project aliases by running firebase use --add, 
[info] but for now we'll just set up a default project.
[info] 
[debug] [2023-05-15T13:14:29.980Z] Using project from CLI flag: test-auth-a4bae
[debug] [2023-05-15T13:14:29.984Z] >>> [apiv2][query] GET https://firebase.googleapis.com/v1beta1/projects/test-auth-a4bae [none]
[debug] [2023-05-15T13:14:30.653Z] <<< [apiv2][status] GET https://firebase.googleapis.com/v1beta1/projects/test-auth-a4bae 200
[debug] [2023-05-15T13:14:30.653Z] <<< [apiv2][body] GET https://firebase.googleapis.com/v1beta1/projects/test-auth-a4bae {"projectId":"test-auth-a4bae","projectNumber":"180112148601","displayName":"test-auth","name":"projects/test-auth-a4bae","resources":{"hostingSite":"test-auth-a4bae","storageBucket":"test-auth-a4bae.appspot.com","locationId":"us-central"},"state":"ACTIVE","etag":"1_bbf67286-8bc7-47b9-82bc-b277faedcfea"}
[info] i  Using project test-auth-a4bae (test-auth) 
[info] 
=== Hosting Setup
[info] 
[info] Your public directory is the folder (relative to your project directory) that
[info] will contain Hosting assets to be uploaded with firebase deploy. If you
[info] have a build process for your assets, use your build's output directory.
[info] 
[debug] [2023-05-15T13:14:41.352Z] >>> [apiv2][query] GET https://www.gstatic.com/firebasejs/releases.json [none]
[debug] [2023-05-15T13:14:41.625Z] <<< [apiv2][status] GET https://www.gstatic.com/firebasejs/releases.json 200
[debug] [2023-05-15T13:14:41.626Z] <<< [apiv2][body] GET https://www.gstatic.com/firebasejs/releases.json {"current":{"version":"9.22.0","browserURL":"https://www.gstatic.com/firebasejs/9.22.0/firebase.js","packageURL":"https://www.gstatic.com/firebasejs/9.22.0/firebase.tgz"},"live":{"version":"9.22","browserURL":"https://www.gstatic.com/firebasejs/live/9.22/firebase.js","packageURL":"https://www.gstatic.com/firebasejs/live/9.22/firebase.tgz"},"components":{"analytics":"https://www.gstatic.com/firebasejs/9.22.0/firebase-analytics.js","app":"https://www.gstatic.com/firebasejs/9.22.0/firebase-app.js","app-check":"https://www.gstatic.com/firebasejs/9.22.0/firebase-app-check.js","auth":"https://www.gstatic.com/firebasejs/9.22.0/firebase-auth.js","auth/cordova":"https://www.gstatic.com/firebasejs/9.22.0/firebase-auth/cordova.js","auth/react-native":"https://www.gstatic.com/firebasejs/9.22.0/firebase-auth/react-native.js","functions":"https://www.gstatic.com/firebasejs/9.22.0/firebase-functions.js","firestore":"https://www.gstatic.com/firebasejs/9.22.0/firebase-firestore.js","firestore/lite":"https://www.gstatic.com/firebasejs/9.22.0/firebase-firestore/lite.js","installations":"https://www.gstatic.com/firebasejs/9.22.0/firebase-installations.js","storage":"https://www.gstatic.com/firebasejs/9.22.0/firebase-storage.js","performance":"https://www.gstatic.com/firebasejs/9.22.0/firebase-performance.js","remote-config":"https://www.gstatic.com/firebasejs/9.22.0/firebase-remote-config.js","messaging":"https://www.gstatic.com/firebasejs/9.22.0/firebase-messaging.js","messaging/sw":"https://www.gstatic.com/firebasejs/9.22.0/firebase-messaging/sw.js","database":"https://www.gstatic.com/firebasejs/9.22.0/firebase-database.js","firestore.memory":"https://www.gstatic.com/firebasejs/9.22.0/firebase-firestore.memory.js"}}
[info] +  Wrote build/index.html 
[info] 
[info] i  Detected a .git folder at D:\My Projects\firebase-app 
[info] i  Authorizing with GitHub to upload your service account to a GitHub repository's secrets store. 
[info] 
[info] Visit this URL on this device to log in:
[info] https://github.com/login/oauth/authorize?client_id=89cf50f02ac6aaed3484&state=344428100&redirect_uri=http%3A%2F%2Flocalhost%3A9005&scope=read%3Auser%20repo%20public_repo
[info] 
[info] Waiting for authentication...
[debug] [2023-05-15T13:14:47.751Z] >>> [apiv2][query] POST https://github.com/login/oauth/access_token [none]
[debug] [2023-05-15T13:14:47.751Z] >>> [apiv2][body] POST https://github.com/login/oauth/access_token [stream]
[debug] [2023-05-15T13:14:48.283Z] <<< [apiv2][status] POST https://github.com/login/oauth/access_token 200
[debug] [2023-05-15T13:14:48.283Z] <<< [apiv2][body] POST https://github.com/login/oauth/access_token {"access_token":"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","token_type":"bearer","scope":"read:user,repo"}
[debug] [2023-05-15T13:14:48.303Z] >>> [apiv2][query] GET https://api.github.com/user [none]
[debug] [2023-05-15T13:14:48.881Z] <<< [apiv2][status] GET https://api.github.com/user 200
[debug] [2023-05-15T13:14:48.881Z] <<< [apiv2][body] GET https://api.github.com/user {"login":"AsadbekAbdullayev","id":71205691,"node_id":"MDQ6VXNlcjcxMjA1Njkx","avatar_url":"https://avatars.githubusercontent.com/u/71205691?v=4","gravatar_id":"","url":"https://api.github.com/users/AsadbekAbdullayev","html_url":"https://github.com/AsadbekAbdullayev","followers_url":"https://api.github.com/users/AsadbekAbdullayev/followers","following_url":"https://api.github.com/users/AsadbekAbdullayev/following{/other_user}","gists_url":"https://api.github.com/users/AsadbekAbdullayev/gists{/gist_id}","starred_url":"https://api.github.com/users/AsadbekAbdullayev/starred{/owner}{/repo}","subscriptions_url":"https://api.github.com/users/AsadbekAbdullayev/subscriptions","organizations_url":"https://api.github.com/users/AsadbekAbdullayev/orgs","repos_url":"https://api.github.com/users/AsadbekAbdullayev/repos","events_url":"https://api.github.com/users/AsadbekAbdullayev/events{/privacy}","received_events_url":"https://api.github.com/users/AsadbekAbdullayev/received_events","type":"User","site_admin":false,"name":"Asadbek","company":null,"blog":"","location":null,"email":null,"hireable":null,"bio":null,"twitter_username":null,"public_repos":10,"public_gists":1,"followers":2,"following":7,"created_at":"2020-09-13T05:55:36Z","updated_at":"2023-05-15T12:32:19Z","private_gists":0,"total_private_repos":2,"owned_private_repos":2,"disk_usage":22432,"collaborators":1,"two_factor_authentication":false,"plan":{"name":"free","space":976562499,"collaborators":0,"private_repos":10000}}
[info] 
[info] +  Success! Logged into GitHub as AsadbekAbdullayev 
[info] 
[debug] [2023-05-15T13:15:55.144Z] >>> [apiv2][query] GET https://api.github.com/repos/https://github.com/AsadbekAbdullayev/gw.git/actions/secrets/public-key type=owner
[debug] [2023-05-15T13:15:55.707Z] <<< [apiv2][status] GET https://api.github.com/repos/https://github.com/AsadbekAbdullayev/gw.git/actions/secrets/public-key 404
[debug] [2023-05-15T13:15:55.707Z] <<< [apiv2][body] GET https://api.github.com/repos/https://github.com/AsadbekAbdullayev/gw.git/actions/secrets/public-key {"message":"Not Found","documentation_url":"https://docs.github.com/rest"}
[info] 
[info] 
[error] !  The provided authorization cannot be used with this repository. If this repository is in an organization, did you remember to grant access? 
[info] 
[info] i  Action required: Visit this URL to ensure access has been granted to the appropriate organization(s) for the Firebase CLI GitHub OAuth App: 
[info] https://github.com/settings/connections/applications/89cf50f02ac6aaed3484
[info] 
[debug] [2023-05-15T13:17:41.722Z] >>> [apiv2][query] GET https://api.github.com/repos/https://github.com/AsadbekAbdullayev/gw.git/actions/secrets/public-key type=owner
[debug] [2023-05-15T13:17:42.204Z] <<< [apiv2][status] GET https://api.github.com/repos/https://github.com/AsadbekAbdullayev/gw.git/actions/secrets/public-key 404
[debug] [2023-05-15T13:17:42.204Z] <<< [apiv2][body] GET https://api.github.com/repos/https://github.com/AsadbekAbdullayev/gw.git/actions/secrets/public-key {"message":"Not Found","documentation_url":"https://docs.github.com/rest"}
[info] 
[info] 
[error] !  The provided authorization cannot be used with this repository. If this repository is in an organization, did you remember to grant access? 
[info] 
[info] i  Action required: Visit this URL to ensure access has been granted to the appropriate organization(s) for the Firebase CLI GitHub OAuth App: 
[info] https://github.com/settings/connections/applications/89cf50f02ac6aaed3484
[info] 
[debug] [2023-05-15T13:18:44.806Z] >>> [apiv2][query] GET https://api.github.com/repos/https://github.com/AsadbekAbdullayev/gw.git/actions/secrets/public-key type=owner
[debug] [2023-05-15T13:18:45.343Z] <<< [apiv2][status] GET https://api.github.com/repos/https://github.com/AsadbekAbdullayev/gw.git/actions/secrets/public-key 404
[debug] [2023-05-15T13:18:45.343Z] <<< [apiv2][body] GET https://api.github.com/repos/https://github.com/AsadbekAbdullayev/gw.git/actions/secrets/public-key {"message":"Not Found","documentation_url":"https://docs.github.com/rest"}
[info] 
[info] 
[error] !  The provided authorization cannot be used with this repository. If this repository is in an organization, did you remember to grant access? 
[info] 
[info] i  Action required: Visit this URL to ensure access has been granted to the appropriate organization(s) for the Firebase CLI GitHub OAuth App: 
[info] https://github.com/settings/connections/applications/89cf50f02ac6aaed3484
[info] 
[debug] [2023-05-15T13:20:13.973Z] >>> [apiv2][query] GET https://api.github.com/repos/https://github.com/AsadbekAbdullayev/gw.git/actions/secrets/public-key type=owner
[debug] [2023-05-15T13:20:14.459Z] <<< [apiv2][status] GET https://api.github.com/repos/https://github.com/AsadbekAbdullayev/gw.git/actions/secrets/public-key 404
[debug] [2023-05-15T13:20:14.460Z] <<< [apiv2][body] GET https://api.github.com/repos/https://github.com/AsadbekAbdullayev/gw.git/actions/secrets/public-key {"message":"Not Found","documentation_url":"https://docs.github.com/rest"}
[info] 
[info] 
[error] !  The provided authorization cannot be used with this repository. If this repository is in an organization, did you remember to grant access? 
[info] 
[info] i  Action required: Visit this URL to ensure access has been granted to the appropriate organization(s) for the Firebase CLI GitHub OAuth App: 
[info] https://github.com/settings/connections/applications/89cf50f02ac6aaed3484
[info] 
[debug] [2023-05-15T13:21:44.229Z] >>> [apiv2][query] GET https://api.github.com/repos/no/actions/secrets/public-key type=owner
[debug] [2023-05-15T13:21:44.705Z] <<< [apiv2][status] GET https://api.github.com/repos/no/actions/secrets/public-key 404
[debug] [2023-05-15T13:21:44.706Z] <<< [apiv2][body] GET https://api.github.com/repos/no/actions/secrets/public-key {"message":"Not Found","documentation_url":"https://docs.github.com/rest"}
[info] 
[info] 
[error] !  The provided authorization cannot be used with this repository. If this repository is in an organization, did you remember to grant access? 
[info] 
[info] i  Action required: Visit this URL to ensure access has been granted to the appropriate organization(s) for the Firebase CLI GitHub OAuth App: 
[info] https://github.com/settings/connections/applications/89cf50f02ac6aaed3484
[info] 
[debug] [2023-05-15T13:21:45.301Z] >>> [apiv2][query] GET https://api.github.com/repos/no/actions/secrets/public-key type=owner
[debug] [2023-05-15T13:21:45.781Z] <<< [apiv2][status] GET https://api.github.com/repos/no/actions/secrets/public-key 404
[debug] [2023-05-15T13:21:45.782Z] <<< [apiv2][body] GET https://api.github.com/repos/no/actions/secrets/public-key {"message":"Not Found","documentation_url":"https://docs.github.com/rest"}
[info] 
[info] 
[error] !  The provided authorization cannot be used with this repository. If this repository is in an organization, did you remember to grant access? 
[info] 
[info] i  Action required: Visit this URL to ensure access has been granted to the appropriate organization(s) for the Firebase CLI GitHub OAuth App: 
[info] https://github.com/settings/connections/applications/89cf50f02ac6aaed3484
[info] 
[debug] [2023-05-15T13:29:08.271Z] ----------------------------------------------------------------------
[debug] [2023-05-15T13:29:08.273Z] Command:       C:\Program Files\nodejs\node.exe C:\Users\user\AppData\Roaming\npm\node_modules\firebase-tools\lib\bin\firebase.js init hosting
[debug] [2023-05-15T13:29:08.274Z] CLI Version:   12.0.0
[debug] [2023-05-15T13:29:08.274Z] Platform:      win32
[debug] [2023-05-15T13:29:08.275Z] Node Version:  v16.13.1
[debug] [2023-05-15T13:29:08.276Z] Time:          Mon May 15 2023 18:29:08 GMT+0500 (Узбекистан, стандартное время)
[debug] [2023-05-15T13:29:08.276Z] ----------------------------------------------------------------------
[debug] 
[debug] [2023-05-15T13:29:08.431Z] > command requires scopes: ["email","openid","https://www.googleapis.com/auth/cloudplatformprojects.readonly","https://www.googleapis.com/auth/firebase","https://www.googleapis.com/auth/cloud-platform"]
[debug] [2023-05-15T13:29:08.431Z] > authorizing via signed-in user (asadbek.a@nightwell-logistics.com)
[info] 
     ######## #### ########  ######## ########     ###     ######  ########
     ##        ##  ##     ## ##       ##     ##  ##   ##  ##       ##
     ######    ##  ########  ######   ########  #########  ######  ######
     ##        ##  ##    ##  ##       ##     ## ##     ##       ## ##
     ##       #### ##     ## ######## ########  ##     ##  ######  ########

You're about to initialize a Firebase project in this directory:

  D:\My Projects\firebase-app

Before we get started, keep in mind:

  * You are initializing within an existing Firebase project directory

[info] 
=== Project Setup
[info] 
[info] First, let's associate this project directory with a Firebase project.
[info] You can create multiple project aliases by running firebase use --add, 
[info] but for now we'll just set up a default project.
[info] 
[debug] [2023-05-15T13:29:11.397Z] Using project from CLI flag: test-auth-a4bae
[debug] [2023-05-15T13:29:11.401Z] >>> [apiv2][query] GET https://firebase.googleapis.com/v1beta1/projects/test-auth-a4bae [none]
[debug] [2023-05-15T13:29:11.938Z] <<< [apiv2][status] GET https://firebase.googleapis.com/v1beta1/projects/test-auth-a4bae 200
[debug] [2023-05-15T13:29:11.939Z] <<< [apiv2][body] GET https://firebase.googleapis.com/v1beta1/projects/test-auth-a4bae {"projectId":"test-auth-a4bae","projectNumber":"180112148601","displayName":"test-auth","name":"projects/test-auth-a4bae","resources":{"hostingSite":"test-auth-a4bae","storageBucket":"test-auth-a4bae.appspot.com","locationId":"us-central"},"state":"ACTIVE","etag":"1_3fb4d827-8ab6-4ebf-8a20-fa67cf5d6625"}
[info] i  Using project test-auth-a4bae (test-auth) 
[info] 
=== Hosting Setup
[info] 
[info] Your public directory is the folder (relative to your project directory) that
[info] will contain Hosting assets to be uploaded with firebase deploy. If you
[info] have a build process for your assets, use your build's output directory.
[info] 
[debug] [2023-05-15T13:29:19.282Z] >>> [apiv2][query] GET https://www.gstatic.com/firebasejs/releases.json [none]
[debug] [2023-05-15T13:29:19.576Z] <<< [apiv2][status] GET https://www.gstatic.com/firebasejs/releases.json 200
[debug] [2023-05-15T13:29:19.576Z] <<< [apiv2][body] GET https://www.gstatic.com/firebasejs/releases.json {"current":{"version":"9.22.0","browserURL":"https://www.gstatic.com/firebasejs/9.22.0/firebase.js","packageURL":"https://www.gstatic.com/firebasejs/9.22.0/firebase.tgz"},"live":{"version":"9.22","browserURL":"https://www.gstatic.com/firebasejs/live/9.22/firebase.js","packageURL":"https://www.gstatic.com/firebasejs/live/9.22/firebase.tgz"},"components":{"analytics":"https://www.gstatic.com/firebasejs/9.22.0/firebase-analytics.js","app":"https://www.gstatic.com/firebasejs/9.22.0/firebase-app.js","app-check":"https://www.gstatic.com/firebasejs/9.22.0/firebase-app-check.js","auth":"https://www.gstatic.com/firebasejs/9.22.0/firebase-auth.js","auth/cordova":"https://www.gstatic.com/firebasejs/9.22.0/firebase-auth/cordova.js","auth/react-native":"https://www.gstatic.com/firebasejs/9.22.0/firebase-auth/react-native.js","functions":"https://www.gstatic.com/firebasejs/9.22.0/firebase-functions.js","firestore":"https://www.gstatic.com/firebasejs/9.22.0/firebase-firestore.js","firestore/lite":"https://www.gstatic.com/firebasejs/9.22.0/firebase-firestore/lite.js","installations":"https://www.gstatic.com/firebasejs/9.22.0/firebase-installations.js","storage":"https://www.gstatic.com/firebasejs/9.22.0/firebase-storage.js","performance":"https://www.gstatic.com/firebasejs/9.22.0/firebase-performance.js","remote-config":"https://www.gstatic.com/firebasejs/9.22.0/firebase-remote-config.js","messaging":"https://www.gstatic.com/firebasejs/9.22.0/firebase-messaging.js","messaging/sw":"https://www.gstatic.com/firebasejs/9.22.0/firebase-messaging/sw.js","database":"https://www.gstatic.com/firebasejs/9.22.0/firebase-database.js","firestore.memory":"https://www.gstatic.com/firebasejs/9.22.0/firebase-firestore.memory.js"}}
[info] +  Wrote build/index.html 
[info] 
[info] i  Detected a .git folder at D:\My Projects\firebase-app 
[info] i  Authorizing with GitHub to upload your service account to a GitHub repository's secrets store. 
[info] 
[info] Visit this URL on this device to log in:
[info] https://github.com/login/oauth/authorize?client_id=89cf50f02ac6aaed3484&state=625357032&redirect_uri=http%3A%2F%2Flocalhost%3A9005&scope=read%3Auser%20repo%20public_repo
[info] 
[info] Waiting for authentication...
[debug] [2023-05-15T13:29:21.872Z] >>> [apiv2][query] POST https://github.com/login/oauth/access_token [none]
[debug] [2023-05-15T13:29:21.872Z] >>> [apiv2][body] POST https://github.com/login/oauth/access_token [stream]
[debug] [2023-05-15T13:29:22.410Z] <<< [apiv2][status] POST https://github.com/login/oauth/access_token 200
[debug] [2023-05-15T13:29:22.410Z] <<< [apiv2][body] POST https://github.com/login/oauth/access_token {"access_token":"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","token_type":"bearer","scope":"read:user,repo"}
[debug] [2023-05-15T13:29:22.418Z] >>> [apiv2][query] GET https://api.github.com/user [none]
[debug] [2023-05-15T13:29:23.020Z] <<< [apiv2][status] GET https://api.github.com/user 200
[debug] [2023-05-15T13:29:23.020Z] <<< [apiv2][body] GET https://api.github.com/user {"login":"AsadbekAbdullayev","id":71205691,"node_id":"MDQ6VXNlcjcxMjA1Njkx","avatar_url":"https://avatars.githubusercontent.com/u/71205691?v=4","gravatar_id":"","url":"https://api.github.com/users/AsadbekAbdullayev","html_url":"https://github.com/AsadbekAbdullayev","followers_url":"https://api.github.com/users/AsadbekAbdullayev/followers","following_url":"https://api.github.com/users/AsadbekAbdullayev/following{/other_user}","gists_url":"https://api.github.com/users/AsadbekAbdullayev/gists{/gist_id}","starred_url":"https://api.github.com/users/AsadbekAbdullayev/starred{/owner}{/repo}","subscriptions_url":"https://api.github.com/users/AsadbekAbdullayev/subscriptions","organizations_url":"https://api.github.com/users/AsadbekAbdullayev/orgs","repos_url":"https://api.github.com/users/AsadbekAbdullayev/repos","events_url":"https://api.github.com/users/AsadbekAbdullayev/events{/privacy}","received_events_url":"https://api.github.com/users/AsadbekAbdullayev/received_events","type":"User","site_admin":false,"name":"Asadbek","company":null,"blog":"","location":null,"email":null,"hireable":null,"bio":null,"twitter_username":null,"public_repos":10,"public_gists":1,"followers":2,"following":7,"created_at":"2020-09-13T05:55:36Z","updated_at":"2023-05-15T12:32:19Z","private_gists":0,"total_private_repos":2,"owned_private_repos":2,"disk_usage":22432,"collaborators":1,"two_factor_authentication":false,"plan":{"name":"free","space":976562499,"collaborators":0,"private_repos":10000}}
[info] 
[info] +  Success! Logged into GitHub as AsadbekAbdullayev 
[info] 
[debug] [2023-05-15T13:29:28.075Z] >>> [apiv2][query] GET https://api.github.com/repos//actions/secrets/public-key type=owner
[debug] [2023-05-15T13:29:28.561Z] <<< [apiv2][status] GET https://api.github.com/repos//actions/secrets/public-key 404
[debug] [2023-05-15T13:29:28.561Z] <<< [apiv2][body] GET https://api.github.com/repos//actions/secrets/public-key {"message":"Not Found","documentation_url":"https://docs.github.com/rest"}
[info] 
[info] 
[error] !  The provided authorization cannot be used with this repository. If this repository is in an organization, did you remember to grant access? 
[info] 
[info] i  Action required: Visit this URL to ensure access has been granted to the appropriate organization(s) for the Firebase CLI GitHub OAuth App: 
[info] https://github.com/settings/connections/applications/89cf50f02ac6aaed3484
[info] 
[debug] [2023-05-15T13:29:50.098Z] >>> [apiv2][query] GET https://api.github.com/repos/yes/actions/secrets/public-key type=owner
[debug] [2023-05-15T13:29:50.563Z] <<< [apiv2][status] GET https://api.github.com/repos/yes/actions/secrets/public-key 404
[debug] [2023-05-15T13:29:50.563Z] <<< [apiv2][body] GET https://api.github.com/repos/yes/actions/secrets/public-key {"message":"Not Found","documentation_url":"https://docs.github.com/rest"}
[info] 
[info] 
[error] !  The provided authorization cannot be used with this repository. If this repository is in an organization, did you remember to grant access? 
[info] 
[info] i  Action required: Visit this URL to ensure access has been granted to the appropriate organization(s) for the Firebase CLI GitHub OAuth App: 
[info] https://github.com/settings/connections/applications/89cf50f02ac6aaed3484
[info] 
[debug] [2023-05-15T13:30:57.021Z] >>> [apiv2][query] GET https://api.github.com/repos/@AsadbekAbdullayev/actions/secrets/public-key type=owner
[debug] [2023-05-15T13:30:57.854Z] <<< [apiv2][status] GET https://api.github.com/repos/@AsadbekAbdullayev/actions/secrets/public-key 404
[debug] [2023-05-15T13:30:57.854Z] <<< [apiv2][body] GET https://api.github.com/repos/@AsadbekAbdullayev/actions/secrets/public-key {"message":"Not Found","documentation_url":"https://docs.github.com/rest"}
[info] 
[info] 
[error] !  The provided authorization cannot be used with this repository. If this repository is in an organization, did you remember to grant access? 
[info] 
[info] i  Action required: Visit this URL to ensure access has been granted to the appropriate organization(s) for the Firebase CLI GitHub OAuth App: 
[info] https://github.com/settings/connections/applications/89cf50f02ac6aaed3484
[info] 
